<?xml version="1.0" encoding="UTF-8"?>
<testsuite xmlns:xsi="http://www.w3.org/2001/XMLSchema-instance" xsi:noNamespaceSchemaLocation="https://maven.apache.org/surefire/maven-surefire-plugin/xsd/surefire-test-report.xsd" name="com.tester.cases.EmailTest" time="7.576" tests="1" errors="0" skipped="0" failures="0">
  <properties>
    <property name="java.specification.version" value="13"/>
    <property name="sun.jnu.encoding" value="UTF-8"/>
    <property name="java.class.path" value="/Users/yaokai/IdeaProjects/email/target/test-classes:/Users/yaokai/IdeaProjects/email/target/classes:/Users/yaokai/.m2/repository/org/apache/httpcomponents/httpclient/4.5.9/httpclient-4.5.9.jar:/Users/yaokai/.m2/repository/org/apache/httpcomponents/httpcore/4.4.11/httpcore-4.4.11.jar:/Users/yaokai/.m2/repository/commons-logging/commons-logging/1.2/commons-logging-1.2.jar:/Users/yaokai/.m2/repository/commons-codec/commons-codec/1.11/commons-codec-1.11.jar:/Users/yaokai/.m2/repository/org/testng/testng/6.10/testng-6.10.jar:/Users/yaokai/.m2/repository/com/beust/jcommander/1.48/jcommander-1.48.jar:/Users/yaokai/.m2/repository/org/json/json/20170516/json-20170516.jar:/Users/yaokai/.m2/repository/mysql/mysql-connector-java/8.0.18/mysql-connector-java-8.0.18.jar:/Users/yaokai/.m2/repository/com/google/protobuf/protobuf-java/3.6.1/protobuf-java-3.6.1.jar:/Users/yaokai/.m2/repository/junit/junit/4.12/junit-4.12.jar:/Users/yaokai/.m2/repository/org/hamcrest/hamcrest-core/1.3/hamcrest-core-1.3.jar:/Users/yaokai/.m2/repository/com/relevantcodes/extentreports/2.41.1/extentreports-2.41.1.jar:/Users/yaokai/.m2/repository/org/jsoup/jsoup/1.8.3/jsoup-1.8.3.jar:/Users/yaokai/.m2/repository/org/xerial/sqlite-jdbc/3.8.11.1/sqlite-jdbc-3.8.11.1.jar:/Users/yaokai/.m2/repository/org/freemarker/freemarker/2.3.23/freemarker-2.3.23.jar:/Users/yaokai/.m2/repository/org/mongodb/mongodb-driver/3.0.4/mongodb-driver-3.0.4.jar:/Users/yaokai/.m2/repository/org/mongodb/bson/3.0.4/bson-3.0.4.jar:/Users/yaokai/.m2/repository/org/mongodb/mongodb-driver-core/3.0.4/mongodb-driver-core-3.0.4.jar:/Users/yaokai/.m2/repository/com/vimalselvam/testng-extentsreport/1.3.1/testng-extentsreport-1.3.1.jar:/Users/yaokai/.m2/repository/com/google/guava/guava/20.0/guava-20.0.jar:/Users/yaokai/.m2/repository/com/aventstack/extentreports/3.0.6/extentreports-3.0.6.jar:/Users/yaokai/.m2/repository/org/apache/httpcomponents/httpmime/4.5.2/httpmime-4.5.2.jar:/Users/yaokai/.m2/repository/com/alibaba/fastjson/1.2.46/fastjson-1.2.46.jar:/Users/yaokai/.m2/repository/org/projectlombok/lombok/1.16.22/lombok-1.16.22.jar:/Users/yaokai/.m2/repository/org/springframework/boot/spring-boot-starter-web/2.0.2.RELEASE/spring-boot-starter-web-2.0.2.RELEASE.jar:/Users/yaokai/.m2/repository/org/springframework/boot/spring-boot-starter/2.0.2.RELEASE/spring-boot-starter-2.0.2.RELEASE.jar:/Users/yaokai/.m2/repository/org/springframework/boot/spring-boot/2.0.2.RELEASE/spring-boot-2.0.2.RELEASE.jar:/Users/yaokai/.m2/repository/org/springframework/boot/spring-boot-autoconfigure/2.0.2.RELEASE/spring-boot-autoconfigure-2.0.2.RELEASE.jar:/Users/yaokai/.m2/repository/org/springframework/boot/spring-boot-starter-logging/2.0.2.RELEASE/spring-boot-starter-logging-2.0.2.RELEASE.jar:/Users/yaokai/.m2/repository/ch/qos/logback/logback-classic/1.2.3/logback-classic-1.2.3.jar:/Users/yaokai/.m2/repository/ch/qos/logback/logback-core/1.2.3/logback-core-1.2.3.jar:/Users/yaokai/.m2/repository/org/apache/logging/log4j/log4j-to-slf4j/2.10.0/log4j-to-slf4j-2.10.0.jar:/Users/yaokai/.m2/repository/org/apache/logging/log4j/log4j-api/2.10.0/log4j-api-2.10.0.jar:/Users/yaokai/.m2/repository/org/slf4j/jul-to-slf4j/1.7.25/jul-to-slf4j-1.7.25.jar:/Users/yaokai/.m2/repository/javax/annotation/javax.annotation-api/1.3.2/javax.annotation-api-1.3.2.jar:/Users/yaokai/.m2/repository/org/yaml/snakeyaml/1.19/snakeyaml-1.19.jar:/Users/yaokai/.m2/repository/org/springframework/boot/spring-boot-starter-json/2.0.2.RELEASE/spring-boot-starter-json-2.0.2.RELEASE.jar:/Users/yaokai/.m2/repository/com/fasterxml/jackson/core/jackson-databind/2.9.5/jackson-databind-2.9.5.jar:/Users/yaokai/.m2/repository/com/fasterxml/jackson/core/jackson-annotations/2.9.0/jackson-annotations-2.9.0.jar:/Users/yaokai/.m2/repository/com/fasterxml/jackson/core/jackson-core/2.9.5/jackson-core-2.9.5.jar:/Users/yaokai/.m2/repository/com/fasterxml/jackson/datatype/jackson-datatype-jdk8/2.9.5/jackson-datatype-jdk8-2.9.5.jar:/Users/yaokai/.m2/repository/com/fasterxml/jackson/datatype/jackson-datatype-jsr310/2.9.5/jackson-datatype-jsr310-2.9.5.jar:/Users/yaokai/.m2/repository/com/fasterxml/jackson/module/jackson-module-parameter-names/2.9.5/jackson-module-parameter-names-2.9.5.jar:/Users/yaokai/.m2/repository/org/springframework/boot/spring-boot-starter-tomcat/2.0.2.RELEASE/spring-boot-starter-tomcat-2.0.2.RELEASE.jar:/Users/yaokai/.m2/repository/org/apache/tomcat/embed/tomcat-embed-core/8.5.31/tomcat-embed-core-8.5.31.jar:/Users/yaokai/.m2/repository/org/apache/tomcat/embed/tomcat-embed-el/8.5.31/tomcat-embed-el-8.5.31.jar:/Users/yaokai/.m2/repository/org/apache/tomcat/embed/tomcat-embed-websocket/8.5.31/tomcat-embed-websocket-8.5.31.jar:/Users/yaokai/.m2/repository/org/hibernate/validator/hibernate-validator/6.0.9.Final/hibernate-validator-6.0.9.Final.jar:/Users/yaokai/.m2/repository/javax/validation/validation-api/2.0.1.Final/validation-api-2.0.1.Final.jar:/Users/yaokai/.m2/repository/org/jboss/logging/jboss-logging/3.3.2.Final/jboss-logging-3.3.2.Final.jar:/Users/yaokai/.m2/repository/org/springframework/spring-web/5.0.6.RELEASE/spring-web-5.0.6.RELEASE.jar:/Users/yaokai/.m2/repository/org/springframework/spring-beans/5.0.6.RELEASE/spring-beans-5.0.6.RELEASE.jar:/Users/yaokai/.m2/repository/org/springframework/spring-webmvc/5.0.6.RELEASE/spring-webmvc-5.0.6.RELEASE.jar:/Users/yaokai/.m2/repository/org/springframework/spring-aop/5.0.6.RELEASE/spring-aop-5.0.6.RELEASE.jar:/Users/yaokai/.m2/repository/org/springframework/spring-context/5.0.6.RELEASE/spring-context-5.0.6.RELEASE.jar:/Users/yaokai/.m2/repository/org/springframework/spring-expression/5.0.6.RELEASE/spring-expression-5.0.6.RELEASE.jar:/Users/yaokai/.m2/repository/io/springfox/springfox-swagger-ui/2.6.1/springfox-swagger-ui-2.6.1.jar:/Users/yaokai/.m2/repository/io/springfox/springfox-spring-web/2.6.1/springfox-spring-web-2.6.1.jar:/Users/yaokai/.m2/repository/io/springfox/springfox-swagger2/2.6.1/springfox-swagger2-2.6.1.jar:/Users/yaokai/.m2/repository/io/swagger/swagger-annotations/1.5.10/swagger-annotations-1.5.10.jar:/Users/yaokai/.m2/repository/io/swagger/swagger-models/1.5.10/swagger-models-1.5.10.jar:/Users/yaokai/.m2/repository/io/springfox/springfox-spi/2.6.1/springfox-spi-2.6.1.jar:/Users/yaokai/.m2/repository/io/springfox/springfox-core/2.6.1/springfox-core-2.6.1.jar:/Users/yaokai/.m2/repository/io/springfox/springfox-schema/2.6.1/springfox-schema-2.6.1.jar:/Users/yaokai/.m2/repository/io/springfox/springfox-swagger-common/2.6.1/springfox-swagger-common-2.6.1.jar:/Users/yaokai/.m2/repository/com/fasterxml/classmate/1.3.1/classmate-1.3.1.jar:/Users/yaokai/.m2/repository/org/slf4j/slf4j-api/1.7.21/slf4j-api-1.7.21.jar:/Users/yaokai/.m2/repository/org/springframework/plugin/spring-plugin-core/1.2.0.RELEASE/spring-plugin-core-1.2.0.RELEASE.jar:/Users/yaokai/.m2/repository/org/springframework/plugin/spring-plugin-metadata/1.2.0.RELEASE/spring-plugin-metadata-1.2.0.RELEASE.jar:/Users/yaokai/.m2/repository/org/mapstruct/mapstruct/1.0.0.Final/mapstruct-1.0.0.Final.jar:/Users/yaokai/.m2/repository/org/mybatis/spring/boot/mybatis-spring-boot-starter/2.0.0/mybatis-spring-boot-starter-2.0.0.jar:/Users/yaokai/.m2/repository/org/springframework/boot/spring-boot-starter-jdbc/2.0.8.RELEASE/spring-boot-starter-jdbc-2.0.8.RELEASE.jar:/Users/yaokai/.m2/repository/com/zaxxer/HikariCP/2.7.9/HikariCP-2.7.9.jar:/Users/yaokai/.m2/repository/org/springframework/spring-jdbc/5.0.12.RELEASE/spring-jdbc-5.0.12.RELEASE.jar:/Users/yaokai/.m2/repository/org/springframework/spring-tx/5.0.12.RELEASE/spring-tx-5.0.12.RELEASE.jar:/Users/yaokai/.m2/repository/org/mybatis/spring/boot/mybatis-spring-boot-autoconfigure/2.0.0/mybatis-spring-boot-autoconfigure-2.0.0.jar:/Users/yaokai/.m2/repository/org/mybatis/mybatis/3.5.0/mybatis-3.5.0.jar:/Users/yaokai/.m2/repository/org/mybatis/mybatis-spring/2.0.0/mybatis-spring-2.0.0.jar:/Users/yaokai/.m2/repository/org/springframework/boot/spring-boot-starter-test/2.0.2.RELEASE/spring-boot-starter-test-2.0.2.RELEASE.jar:/Users/yaokai/.m2/repository/org/springframework/boot/spring-boot-test/2.0.2.RELEASE/spring-boot-test-2.0.2.RELEASE.jar:/Users/yaokai/.m2/repository/org/springframework/boot/spring-boot-test-autoconfigure/2.0.2.RELEASE/spring-boot-test-autoconfigure-2.0.2.RELEASE.jar:/Users/yaokai/.m2/repository/com/jayway/jsonpath/json-path/2.4.0/json-path-2.4.0.jar:/Users/yaokai/.m2/repository/net/minidev/json-smart/2.3/json-smart-2.3.jar:/Users/yaokai/.m2/repository/net/minidev/accessors-smart/1.2/accessors-smart-1.2.jar:/Users/yaokai/.m2/repository/org/ow2/asm/asm/5.0.4/asm-5.0.4.jar:/Users/yaokai/.m2/repository/org/assertj/assertj-core/3.9.1/assertj-core-3.9.1.jar:/Users/yaokai/.m2/repository/org/mockito/mockito-core/2.15.0/mockito-core-2.15.0.jar:/Users/yaokai/.m2/repository/net/bytebuddy/byte-buddy/1.7.9/byte-buddy-1.7.9.jar:/Users/yaokai/.m2/repository/net/bytebuddy/byte-buddy-agent/1.7.9/byte-buddy-agent-1.7.9.jar:/Users/yaokai/.m2/repository/org/objenesis/objenesis/2.6/objenesis-2.6.jar:/Users/yaokai/.m2/repository/org/hamcrest/hamcrest-library/1.3/hamcrest-library-1.3.jar:/Users/yaokai/.m2/repository/org/skyscreamer/jsonassert/1.5.0/jsonassert-1.5.0.jar:/Users/yaokai/.m2/repository/com/vaadin/external/google/android-json/0.0.20131108.vaadin1/android-json-0.0.20131108.vaadin1.jar:/Users/yaokai/.m2/repository/org/springframework/spring-core/5.0.6.RELEASE/spring-core-5.0.6.RELEASE.jar:/Users/yaokai/.m2/repository/org/springframework/spring-jcl/5.0.6.RELEASE/spring-jcl-5.0.6.RELEASE.jar:/Users/yaokai/.m2/repository/org/springframework/spring-test/5.0.6.RELEASE/spring-test-5.0.6.RELEASE.jar:/Users/yaokai/.m2/repository/org/xmlunit/xmlunit-core/2.5.1/xmlunit-core-2.5.1.jar:/Users/yaokai/.m2/repository/com/sun/mail/javax.mail/1.6.2/javax.mail-1.6.2.jar:/Users/yaokai/.m2/repository/javax/activation/activation/1.1/activation-1.1.jar:/Users/yaokai/.m2/repository/com/mitchellbosecke/pebble/2.2.0/pebble-2.2.0.jar:/Users/yaokai/.m2/repository/com/coverity/security/coverity-escapers/1.1/coverity-escapers-1.1.jar:/Users/yaokai/.m2/repository/com/github/subchen/jetbrick-template/2.1.2/jetbrick-template-2.1.2.jar:/Users/yaokai/.m2/repository/com/github/subchen/jetbrick-commons/2.1.1/jetbrick-commons-2.1.1.jar:/Users/yaokai/.m2/repository/org/antlr/antlr4-runtime/4.3/antlr4-runtime-4.3.jar:/Users/yaokai/.m2/repository/org/abego/treelayout/org.abego.treelayout.core/1.0.1/org.abego.treelayout.core-1.0.1.jar:/Users/yaokai/.m2/repository/org/antlr/antlr4-annotations/4.3/antlr4-annotations-4.3.jar:/Users/yaokai/.m2/repository/org/apache/maven/surefire/surefire-testng-utils/2.21.0/surefire-testng-utils-2.21.0.jar:/Users/yaokai/.m2/repository/org/apache/maven/surefire/surefire-grouper/2.21.0/surefire-grouper-2.21.0.jar:"/>
    <property name="java.vm.vendor" value="Oracle Corporation"/>
    <property name="sun.arch.data.model" value="64"/>
    <property name="java.vendor.url" value="https://java.oracle.com/"/>
    <property name="os.name" value="Mac OS X"/>
    <property name="java.vm.specification.version" value="13"/>
    <property name="sun.java.launcher" value="SUN_STANDARD"/>
    <property name="user.country" value="CN"/>
    <property name="sun.boot.library.path" value="/Library/Java/JavaVirtualMachines/jdk-13.0.1.jdk/Contents/Home/lib"/>
    <property name="sun.java.command" value="/Users/yaokai/IdeaProjects/email/target/surefire/surefirebooter475338265270906357.jar /Users/yaokai/IdeaProjects/email/target/surefire 2020-03-11T17-38-36_157-jvmRun1 surefire14280953559949580653tmp surefire_02806182322240897140tmp"/>
    <property name="jdk.debug" value="release"/>
    <property name="surefire.test.class.path" value="/Users/yaokai/IdeaProjects/email/target/test-classes:/Users/yaokai/IdeaProjects/email/target/classes:/Users/yaokai/.m2/repository/org/apache/httpcomponents/httpclient/4.5.9/httpclient-4.5.9.jar:/Users/yaokai/.m2/repository/org/apache/httpcomponents/httpcore/4.4.11/httpcore-4.4.11.jar:/Users/yaokai/.m2/repository/commons-logging/commons-logging/1.2/commons-logging-1.2.jar:/Users/yaokai/.m2/repository/commons-codec/commons-codec/1.11/commons-codec-1.11.jar:/Users/yaokai/.m2/repository/org/testng/testng/6.10/testng-6.10.jar:/Users/yaokai/.m2/repository/com/beust/jcommander/1.48/jcommander-1.48.jar:/Users/yaokai/.m2/repository/org/json/json/20170516/json-20170516.jar:/Users/yaokai/.m2/repository/mysql/mysql-connector-java/8.0.18/mysql-connector-java-8.0.18.jar:/Users/yaokai/.m2/repository/com/google/protobuf/protobuf-java/3.6.1/protobuf-java-3.6.1.jar:/Users/yaokai/.m2/repository/junit/junit/4.12/junit-4.12.jar:/Users/yaokai/.m2/repository/org/hamcrest/hamcrest-core/1.3/hamcrest-core-1.3.jar:/Users/yaokai/.m2/repository/com/relevantcodes/extentreports/2.41.1/extentreports-2.41.1.jar:/Users/yaokai/.m2/repository/org/jsoup/jsoup/1.8.3/jsoup-1.8.3.jar:/Users/yaokai/.m2/repository/org/xerial/sqlite-jdbc/3.8.11.1/sqlite-jdbc-3.8.11.1.jar:/Users/yaokai/.m2/repository/org/freemarker/freemarker/2.3.23/freemarker-2.3.23.jar:/Users/yaokai/.m2/repository/org/mongodb/mongodb-driver/3.0.4/mongodb-driver-3.0.4.jar:/Users/yaokai/.m2/repository/org/mongodb/bson/3.0.4/bson-3.0.4.jar:/Users/yaokai/.m2/repository/org/mongodb/mongodb-driver-core/3.0.4/mongodb-driver-core-3.0.4.jar:/Users/yaokai/.m2/repository/com/vimalselvam/testng-extentsreport/1.3.1/testng-extentsreport-1.3.1.jar:/Users/yaokai/.m2/repository/com/google/guava/guava/20.0/guava-20.0.jar:/Users/yaokai/.m2/repository/com/aventstack/extentreports/3.0.6/extentreports-3.0.6.jar:/Users/yaokai/.m2/repository/org/apache/httpcomponents/httpmime/4.5.2/httpmime-4.5.2.jar:/Users/yaokai/.m2/repository/com/alibaba/fastjson/1.2.46/fastjson-1.2.46.jar:/Users/yaokai/.m2/repository/org/projectlombok/lombok/1.16.22/lombok-1.16.22.jar:/Users/yaokai/.m2/repository/org/springframework/boot/spring-boot-starter-web/2.0.2.RELEASE/spring-boot-starter-web-2.0.2.RELEASE.jar:/Users/yaokai/.m2/repository/org/springframework/boot/spring-boot-starter/2.0.2.RELEASE/spring-boot-starter-2.0.2.RELEASE.jar:/Users/yaokai/.m2/repository/org/springframework/boot/spring-boot/2.0.2.RELEASE/spring-boot-2.0.2.RELEASE.jar:/Users/yaokai/.m2/repository/org/springframework/boot/spring-boot-autoconfigure/2.0.2.RELEASE/spring-boot-autoconfigure-2.0.2.RELEASE.jar:/Users/yaokai/.m2/repository/org/springframework/boot/spring-boot-starter-logging/2.0.2.RELEASE/spring-boot-starter-logging-2.0.2.RELEASE.jar:/Users/yaokai/.m2/repository/ch/qos/logback/logback-classic/1.2.3/logback-classic-1.2.3.jar:/Users/yaokai/.m2/repository/ch/qos/logback/logback-core/1.2.3/logback-core-1.2.3.jar:/Users/yaokai/.m2/repository/org/apache/logging/log4j/log4j-to-slf4j/2.10.0/log4j-to-slf4j-2.10.0.jar:/Users/yaokai/.m2/repository/org/apache/logging/log4j/log4j-api/2.10.0/log4j-api-2.10.0.jar:/Users/yaokai/.m2/repository/org/slf4j/jul-to-slf4j/1.7.25/jul-to-slf4j-1.7.25.jar:/Users/yaokai/.m2/repository/javax/annotation/javax.annotation-api/1.3.2/javax.annotation-api-1.3.2.jar:/Users/yaokai/.m2/repository/org/yaml/snakeyaml/1.19/snakeyaml-1.19.jar:/Users/yaokai/.m2/repository/org/springframework/boot/spring-boot-starter-json/2.0.2.RELEASE/spring-boot-starter-json-2.0.2.RELEASE.jar:/Users/yaokai/.m2/repository/com/fasterxml/jackson/core/jackson-databind/2.9.5/jackson-databind-2.9.5.jar:/Users/yaokai/.m2/repository/com/fasterxml/jackson/core/jackson-annotations/2.9.0/jackson-annotations-2.9.0.jar:/Users/yaokai/.m2/repository/com/fasterxml/jackson/core/jackson-core/2.9.5/jackson-core-2.9.5.jar:/Users/yaokai/.m2/repository/com/fasterxml/jackson/datatype/jackson-datatype-jdk8/2.9.5/jackson-datatype-jdk8-2.9.5.jar:/Users/yaokai/.m2/repository/com/fasterxml/jackson/datatype/jackson-datatype-jsr310/2.9.5/jackson-datatype-jsr310-2.9.5.jar:/Users/yaokai/.m2/repository/com/fasterxml/jackson/module/jackson-module-parameter-names/2.9.5/jackson-module-parameter-names-2.9.5.jar:/Users/yaokai/.m2/repository/org/springframework/boot/spring-boot-starter-tomcat/2.0.2.RELEASE/spring-boot-starter-tomcat-2.0.2.RELEASE.jar:/Users/yaokai/.m2/repository/org/apache/tomcat/embed/tomcat-embed-core/8.5.31/tomcat-embed-core-8.5.31.jar:/Users/yaokai/.m2/repository/org/apache/tomcat/embed/tomcat-embed-el/8.5.31/tomcat-embed-el-8.5.31.jar:/Users/yaokai/.m2/repository/org/apache/tomcat/embed/tomcat-embed-websocket/8.5.31/tomcat-embed-websocket-8.5.31.jar:/Users/yaokai/.m2/repository/org/hibernate/validator/hibernate-validator/6.0.9.Final/hibernate-validator-6.0.9.Final.jar:/Users/yaokai/.m2/repository/javax/validation/validation-api/2.0.1.Final/validation-api-2.0.1.Final.jar:/Users/yaokai/.m2/repository/org/jboss/logging/jboss-logging/3.3.2.Final/jboss-logging-3.3.2.Final.jar:/Users/yaokai/.m2/repository/org/springframework/spring-web/5.0.6.RELEASE/spring-web-5.0.6.RELEASE.jar:/Users/yaokai/.m2/repository/org/springframework/spring-beans/5.0.6.RELEASE/spring-beans-5.0.6.RELEASE.jar:/Users/yaokai/.m2/repository/org/springframework/spring-webmvc/5.0.6.RELEASE/spring-webmvc-5.0.6.RELEASE.jar:/Users/yaokai/.m2/repository/org/springframework/spring-aop/5.0.6.RELEASE/spring-aop-5.0.6.RELEASE.jar:/Users/yaokai/.m2/repository/org/springframework/spring-context/5.0.6.RELEASE/spring-context-5.0.6.RELEASE.jar:/Users/yaokai/.m2/repository/org/springframework/spring-expression/5.0.6.RELEASE/spring-expression-5.0.6.RELEASE.jar:/Users/yaokai/.m2/repository/io/springfox/springfox-swagger-ui/2.6.1/springfox-swagger-ui-2.6.1.jar:/Users/yaokai/.m2/repository/io/springfox/springfox-spring-web/2.6.1/springfox-spring-web-2.6.1.jar:/Users/yaokai/.m2/repository/io/springfox/springfox-swagger2/2.6.1/springfox-swagger2-2.6.1.jar:/Users/yaokai/.m2/repository/io/swagger/swagger-annotations/1.5.10/swagger-annotations-1.5.10.jar:/Users/yaokai/.m2/repository/io/swagger/swagger-models/1.5.10/swagger-models-1.5.10.jar:/Users/yaokai/.m2/repository/io/springfox/springfox-spi/2.6.1/springfox-spi-2.6.1.jar:/Users/yaokai/.m2/repository/io/springfox/springfox-core/2.6.1/springfox-core-2.6.1.jar:/Users/yaokai/.m2/repository/io/springfox/springfox-schema/2.6.1/springfox-schema-2.6.1.jar:/Users/yaokai/.m2/repository/io/springfox/springfox-swagger-common/2.6.1/springfox-swagger-common-2.6.1.jar:/Users/yaokai/.m2/repository/com/fasterxml/classmate/1.3.1/classmate-1.3.1.jar:/Users/yaokai/.m2/repository/org/slf4j/slf4j-api/1.7.21/slf4j-api-1.7.21.jar:/Users/yaokai/.m2/repository/org/springframework/plugin/spring-plugin-core/1.2.0.RELEASE/spring-plugin-core-1.2.0.RELEASE.jar:/Users/yaokai/.m2/repository/org/springframework/plugin/spring-plugin-metadata/1.2.0.RELEASE/spring-plugin-metadata-1.2.0.RELEASE.jar:/Users/yaokai/.m2/repository/org/mapstruct/mapstruct/1.0.0.Final/mapstruct-1.0.0.Final.jar:/Users/yaokai/.m2/repository/org/mybatis/spring/boot/mybatis-spring-boot-starter/2.0.0/mybatis-spring-boot-starter-2.0.0.jar:/Users/yaokai/.m2/repository/org/springframework/boot/spring-boot-starter-jdbc/2.0.8.RELEASE/spring-boot-starter-jdbc-2.0.8.RELEASE.jar:/Users/yaokai/.m2/repository/com/zaxxer/HikariCP/2.7.9/HikariCP-2.7.9.jar:/Users/yaokai/.m2/repository/org/springframework/spring-jdbc/5.0.12.RELEASE/spring-jdbc-5.0.12.RELEASE.jar:/Users/yaokai/.m2/repository/org/springframework/spring-tx/5.0.12.RELEASE/spring-tx-5.0.12.RELEASE.jar:/Users/yaokai/.m2/repository/org/mybatis/spring/boot/mybatis-spring-boot-autoconfigure/2.0.0/mybatis-spring-boot-autoconfigure-2.0.0.jar:/Users/yaokai/.m2/repository/org/mybatis/mybatis/3.5.0/mybatis-3.5.0.jar:/Users/yaokai/.m2/repository/org/mybatis/mybatis-spring/2.0.0/mybatis-spring-2.0.0.jar:/Users/yaokai/.m2/repository/org/springframework/boot/spring-boot-starter-test/2.0.2.RELEASE/spring-boot-starter-test-2.0.2.RELEASE.jar:/Users/yaokai/.m2/repository/org/springframework/boot/spring-boot-test/2.0.2.RELEASE/spring-boot-test-2.0.2.RELEASE.jar:/Users/yaokai/.m2/repository/org/springframework/boot/spring-boot-test-autoconfigure/2.0.2.RELEASE/spring-boot-test-autoconfigure-2.0.2.RELEASE.jar:/Users/yaokai/.m2/repository/com/jayway/jsonpath/json-path/2.4.0/json-path-2.4.0.jar:/Users/yaokai/.m2/repository/net/minidev/json-smart/2.3/json-smart-2.3.jar:/Users/yaokai/.m2/repository/net/minidev/accessors-smart/1.2/accessors-smart-1.2.jar:/Users/yaokai/.m2/repository/org/ow2/asm/asm/5.0.4/asm-5.0.4.jar:/Users/yaokai/.m2/repository/org/assertj/assertj-core/3.9.1/assertj-core-3.9.1.jar:/Users/yaokai/.m2/repository/org/mockito/mockito-core/2.15.0/mockito-core-2.15.0.jar:/Users/yaokai/.m2/repository/net/bytebuddy/byte-buddy/1.7.9/byte-buddy-1.7.9.jar:/Users/yaokai/.m2/repository/net/bytebuddy/byte-buddy-agent/1.7.9/byte-buddy-agent-1.7.9.jar:/Users/yaokai/.m2/repository/org/objenesis/objenesis/2.6/objenesis-2.6.jar:/Users/yaokai/.m2/repository/org/hamcrest/hamcrest-library/1.3/hamcrest-library-1.3.jar:/Users/yaokai/.m2/repository/org/skyscreamer/jsonassert/1.5.0/jsonassert-1.5.0.jar:/Users/yaokai/.m2/repository/com/vaadin/external/google/android-json/0.0.20131108.vaadin1/android-json-0.0.20131108.vaadin1.jar:/Users/yaokai/.m2/repository/org/springframework/spring-core/5.0.6.RELEASE/spring-core-5.0.6.RELEASE.jar:/Users/yaokai/.m2/repository/org/springframework/spring-jcl/5.0.6.RELEASE/spring-jcl-5.0.6.RELEASE.jar:/Users/yaokai/.m2/repository/org/springframework/spring-test/5.0.6.RELEASE/spring-test-5.0.6.RELEASE.jar:/Users/yaokai/.m2/repository/org/xmlunit/xmlunit-core/2.5.1/xmlunit-core-2.5.1.jar:/Users/yaokai/.m2/repository/com/sun/mail/javax.mail/1.6.2/javax.mail-1.6.2.jar:/Users/yaokai/.m2/repository/javax/activation/activation/1.1/activation-1.1.jar:/Users/yaokai/.m2/repository/com/mitchellbosecke/pebble/2.2.0/pebble-2.2.0.jar:/Users/yaokai/.m2/repository/com/coverity/security/coverity-escapers/1.1/coverity-escapers-1.1.jar:/Users/yaokai/.m2/repository/com/github/subchen/jetbrick-template/2.1.2/jetbrick-template-2.1.2.jar:/Users/yaokai/.m2/repository/com/github/subchen/jetbrick-commons/2.1.1/jetbrick-commons-2.1.1.jar:/Users/yaokai/.m2/repository/org/antlr/antlr4-runtime/4.3/antlr4-runtime-4.3.jar:/Users/yaokai/.m2/repository/org/abego/treelayout/org.abego.treelayout.core/1.0.1/org.abego.treelayout.core-1.0.1.jar:/Users/yaokai/.m2/repository/org/antlr/antlr4-annotations/4.3/antlr4-annotations-4.3.jar:/Users/yaokai/.m2/repository/org/apache/maven/surefire/surefire-testng-utils/2.21.0/surefire-testng-utils-2.21.0.jar:/Users/yaokai/.m2/repository/org/apache/maven/surefire/surefire-grouper/2.21.0/surefire-grouper-2.21.0.jar:"/>
    <property name="sun.cpu.endian" value="little"/>
    <property name="user.home" value="/Users/yaokai"/>
    <property name="user.language" value="zh"/>
    <property name="java.specification.vendor" value="Oracle Corporation"/>
    <property name="java.version.date" value="2019-10-15"/>
    <property name="java.home" value="/Library/Java/JavaVirtualMachines/jdk-13.0.1.jdk/Contents/Home"/>
    <property name="file.separator" value="/"/>
    <property name="basedir" value="/Users/yaokai/IdeaProjects/email"/>
    <property name="java.vm.compressedOopsMode" value="Zero based"/>
    <property name="line.separator" value="&#10;"/>
    <property name="java.vm.specification.vendor" value="Oracle Corporation"/>
    <property name="java.specification.name" value="Java Platform API Specification"/>
    <property name="surefire.real.class.path" value="/Users/yaokai/IdeaProjects/email/target/surefire/surefirebooter475338265270906357.jar"/>
    <property name="user.script" value="Hans"/>
    <property name="sun.management.compiler" value="HotSpot 64-Bit Tiered Compilers"/>
    <property name="java.runtime.version" value="13.0.1+9"/>
    <property name="user.name" value="yaokai"/>
    <property name="path.separator" value=":"/>
    <property name="os.version" value="10.14.6"/>
    <property name="java.runtime.name" value="Java(TM) SE Runtime Environment"/>
    <property name="file.encoding" value="UTF-8"/>
    <property name="java.vm.name" value="Java HotSpot(TM) 64-Bit Server VM"/>
    <property name="localRepository" value="/Users/yaokai/.m2/repository"/>
    <property name="java.vendor.url.bug" value="https://bugreport.java.com/bugreport/"/>
    <property name="java.io.tmpdir" value="/var/folders/61/9ktr6__s653byk0k3_vl0zp00000gn/T/"/>
    <property name="java.version" value="13.0.1"/>
    <property name="user.dir" value="/Users/yaokai/IdeaProjects/email"/>
    <property name="os.arch" value="x86_64"/>
    <property name="java.vm.specification.name" value="Java Virtual Machine Specification"/>
    <property name="java.library.path" value="/Users/yaokai/Library/Java/Extensions:/Library/Java/Extensions:/Network/Library/Java/Extensions:/System/Library/Java/Extensions:/usr/lib/java:."/>
    <property name="java.vm.info" value="mixed mode, sharing"/>
    <property name="java.vendor" value="Oracle Corporation"/>
    <property name="java.vm.version" value="13.0.1+9"/>
    <property name="sun.io.unicode.encoding" value="UnicodeBig"/>
    <property name="java.class.version" value="57.0"/>
  </properties>
  <testcase name="testSendAttach on testSendAttach(com.tester.cases.EmailTest)" classname="com.tester.cases.EmailTest" time="4.313"/>
</testsuite>