<?xml version="1.0" encoding="UTF-8"?>
<!-- Generated by org.testng.reporters.JUnitReportReporter -->
<testsuite name="com.tester.cases.XHSv2Test" tests="20" time="153.250" ignored="0" failures="0" timestamp="24 二月 2020 02:19:15 GMT" skipped="0" hostname="yaokaideMacBook-Pro.local" errors="0">
  <testcase name="channel_refresh" time="5.341" classname="com.tester.cases.XHSv2Test"/>
  <testcase name="shop_font" time="2.328" classname="com.tester.cases.XHSv2Test"/>
  <testcase name="topic_notes" time="7.131" classname="com.tester.cases.XHSv2Test"/>
  <testcase name="user_focus" time="14.523" classname="com.tester.cases.XHSv2Test"/>
  <testcase name="shop_items" time="4.832" classname="com.tester.cases.XHSv2Test"/>
  <testcase name="item_comm" time="0.651" classname="com.tester.cases.XHSv2Test"/>
  <testcase name="video_detail" time="5.931" classname="com.tester.cases.XHSv2Test"/>
  <testcase name="user_note" time="11.818" classname="com.tester.cases.XHSv2Test"/>
  <testcase name="item_price" time="3.233" classname="com.tester.cases.XHSv2Test"/>
  <testcase name="home_feed" time="16.161" classname="com.tester.cases.XHSv2Test"/>
  <testcase name="item_info" time="1.407" classname="com.tester.cases.XHSv2Test"/>
  <testcase name="call_nums" time="4.391" classname="com.tester.cases.XHSv2Test"/>
  <testcase name="user_info" time="9.482" classname="com.tester.cases.XHSv2Test"/>
  <testcase name="note_search" time="15.497" classname="com.tester.cases.XHSv2Test"/>
  <testcase name="note_detail" time="13.785" classname="com.tester.cases.XHSv2Test"/>
  <testcase name="user_video" time="14.844" classname="com.tester.cases.XHSv2Test"/>
  <testcase name="shop_info" time="2.758" classname="com.tester.cases.XHSv2Test"/>
  <testcase name="item_search" time="6.283" classname="com.tester.cases.XHSv2Test"/>
  <testcase name="user_fans" time="8.563" classname="com.tester.cases.XHSv2Test"/>
  <testcase name="note_comments" time="4.291" classname="com.tester.cases.XHSv2Test"/>
</testsuite> <!-- com.tester.cases.XHSv2Test -->
