<?xml version="1.0" encoding="UTF-8"?>
<!-- Generated by org.testng.reporters.JUnitReportReporter -->
<testsuite name="com.tester.cases.PddTest" tests="2" time="1.672" ignored="0" failures="0" timestamp="24 二月 2020 02:19:15 GMT" skipped="0" hostname="yaokaideMacBook-Pro.local" errors="0">
  <testcase name="get_cat_id_list" time="0.958" classname="com.tester.cases.PddTest"/>
  <testcase name="get_pdd_date" time="0.714" classname="com.tester.cases.PddTest"/>
</testsuite> <!-- com.tester.cases.PddTest -->
