<?xml version="1.0" encoding="UTF-8"?>
<!-- Generated by org.testng.reporters.JUnitReportReporter -->
<testsuite name="com.tester.cases.JingDongCPSTest" tests="4" time="16.927" ignored="0" failures="0" timestamp="24 二月 2020 02:19:15 GMT" skipped="0" hostname="yaokaideMacBook-Pro.local" errors="0">
  <testcase name="shop_item" time="3.654" classname="com.tester.cases.JingDongCPSTest"/>
  <testcase name="shop_info" time="1.721" classname="com.tester.cases.JingDongCPSTest"/>
  <testcase name="items" time="4.723" classname="com.tester.cases.JingDongCPSTest"/>
  <testcase name="shops" time="6.829" classname="com.tester.cases.JingDongCPSTest"/>
</testsuite> <!-- com.tester.cases.JingDongCPSTest -->
