<?xml version="1.0" encoding="UTF-8"?>
<!-- Generated by org.testng.reporters.JUnitReportReporter -->
<testsuite name="com.tester.cases.DouyinShareTest" tests="2" time="3.328" ignored="0" failures="0" timestamp="24 二月 2020 02:19:15 GMT" skipped="0" hostname="yaokaideMacBook-Pro.local" errors="0">
  <testcase name="user_info" time="0.604" classname="com.tester.cases.DouyinShareTest"/>
  <testcase name="user_video" time="2.724" classname="com.tester.cases.DouyinShareTest"/>
</testsuite> <!-- com.tester.cases.DouyinShareTest -->
