<?xml version="1.0" encoding="UTF-8"?>
<!-- Generated by org.testng.reporters.JUnitReportReporter -->
<testsuite name="com.tester.cases.KaoLaTest" tests="5" time="29.137" ignored="0" failures="0" timestamp="24 二月 2020 02:19:15 GMT" skipped="0" hostname="yaokaideMacBook-Pro.local" errors="0">
  <testcase name="item_detail" time="7.909" classname="com.tester.cases.KaoLaTest"/>
  <testcase name="shop_item" time="6.209" classname="com.tester.cases.KaoLaTest"/>
  <testcase name="item_list" time="0.979" classname="com.tester.cases.KaoLaTest"/>
  <testcase name="shop_info" time="5.560" classname="com.tester.cases.KaoLaTest"/>
  <testcase name="leaf_cate" time="8.480" classname="com.tester.cases.KaoLaTest"/>
</testsuite> <!-- com.tester.cases.KaoLaTest -->
