<?xml version="1.0" encoding="UTF-8"?>
<!-- Generated by org.testng.reporters.JUnitReportReporter -->
<testsuite ignored="0" hostname="yaokaideMacBook-Pro.local" failures="0" tests="2" name="com.tester.cases.PddTest" time="1.130" errors="0" timestamp="07 Feb 2020 05:35:52 GMT" skipped="0">
  <testcase classname="com.tester.cases.PddTest" name="get_cat_id_list" time="0.487"/>
  <testcase classname="com.tester.cases.PddTest" name="get_pdd_date" time="0.643"/>
</testsuite> <!-- com.tester.cases.PddTest -->
