<?xml version="1.0" encoding="UTF-8"?>
<!-- Generated by org.testng.reporters.JUnitReportReporter -->
<testsuite name="com.tester.cases.DouyinAweTest" tests="5" time="42.488" ignored="0" failures="0" timestamp="24 二月 2020 02:19:15 GMT" skipped="0" hostname="yaokaideMacBook-Pro.local" errors="0">
  <testcase name="get_aweme_comment" time="1.191" classname="com.tester.cases.DouyinAweTest"/>
  <testcase name="get_user_info" time="3.374" classname="com.tester.cases.DouyinAweTest"/>
  <testcase name="get_aweme_info" time="4.229" classname="com.tester.cases.DouyinAweTest"/>
  <testcase name="get_aweme_list" time="33.084" classname="com.tester.cases.DouyinAweTest"/>
  <testcase name="get_promotion_list" time="0.610" classname="com.tester.cases.DouyinAweTest"/>
</testsuite> <!-- com.tester.cases.DouyinAweTest -->
