<?xml version="1.0" encoding="UTF-8"?>
<!-- Generated by org.testng.reporters.JUnitReportReporter -->
<testsuite name="com.tester.cases.DuTest" tests="5" time="6.590" ignored="0" failures="0" timestamp="24 二月 2020 02:19:15 GMT" skipped="0" hostname="yaokaideMacBook-Pro.local" errors="0">
  <testcase name="ice_shopping_tab" time="0.504" classname="com.tester.cases.DuTest"/>
  <testcase name="ice_shopping" time="2.463" classname="com.tester.cases.DuTest"/>
  <testcase name="item_detail" time="1.824" classname="com.tester.cases.DuTest"/>
  <testcase name="call_nums" time="0.959" classname="com.tester.cases.DuTest"/>
  <testcase name="sold_list" time="0.840" classname="com.tester.cases.DuTest"/>
</testsuite> <!-- com.tester.cases.DuTest -->
