<?xml version="1.0" encoding="UTF-8"?>
<!-- Generated by org.testng.reporters.JUnitReportReporter -->
<testsuite ignored="0" hostname="yaokaideMacBook-Pro.local" failures="0" tests="5" name="com.tester.cases.DuTest" time="2.388" errors="0" timestamp="07 Feb 2020 05:35:52 GMT" skipped="0">
  <testcase classname="com.tester.cases.DuTest" name="call_nums" time="0.071"/>
  <testcase classname="com.tester.cases.DuTest" name="ice_shopping_tab" time="0.938"/>
  <testcase classname="com.tester.cases.DuTest" name="ice_shopping" time="0.554"/>
  <testcase classname="com.tester.cases.DuTest" name="item_detail" time="0.481"/>
  <testcase classname="com.tester.cases.DuTest" name="sold_list" time="0.344"/>
</testsuite> <!-- com.tester.cases.DuTest -->
