<?xml version="1.0" encoding="UTF-8"?>
<!-- Generated by org.testng.reporters.JUnitReportReporter -->
<testsuite ignored="0" hostname="yaokaideMacBook-Pro.local" failures="0" tests="2" name="com.tester.cases.DouyinShareTest" time="1.979" errors="0" timestamp="07 Feb 2020 05:35:51 GMT" skipped="0">
  <testcase classname="com.tester.cases.DouyinShareTest" name="user_video" time="1.468"/>
  <testcase classname="com.tester.cases.DouyinShareTest" name="user_info" time="0.511"/>
</testsuite> <!-- com.tester.cases.DouyinShareTest -->
