<?xml version="1.0" encoding="UTF-8"?>
<!-- Generated by org.testng.reporters.JUnitReportReporter -->
<testsuite name="com.tester.cases.XHSv1Test" tests="9" time="76.155" ignored="0" failures="0" timestamp="24 二月 2020 02:19:15 GMT" skipped="0" hostname="yaokaideMacBook-Pro.local" errors="0">
  <testcase name="user_fans" time="7.988" classname="com.tester.cases.XHSv1Test"/>
  <testcase name="user_note" time="9.642" classname="com.tester.cases.XHSv1Test"/>
  <testcase name="video_detail" time="1.547" classname="com.tester.cases.XHSv1Test"/>
  <testcase name="note_detail" time="10.755" classname="com.tester.cases.XHSv1Test"/>
  <testcase name="note_comments" time="0.789" classname="com.tester.cases.XHSv1Test"/>
  <testcase name="user_video" time="11.889" classname="com.tester.cases.XHSv1Test"/>
  <testcase name="user_focus" time="11.305" classname="com.tester.cases.XHSv1Test"/>
  <testcase name="home_feed" time="13.325" classname="com.tester.cases.XHSv1Test"/>
  <testcase name="user_info" time="8.915" classname="com.tester.cases.XHSv1Test"/>
</testsuite> <!-- com.tester.cases.XHSv1Test -->
