<?xml version="1.0" encoding="UTF-8"?>
<!-- Generated by org.testng.reporters.JUnitReportReporter -->
<testsuite ignored="0" hostname="yaokaideMacBook-Pro.local" failures="0" tests="1" name="com.tester.cases.EmailTest" time="6.995" errors="0" timestamp="11 3æœˆ 2020 09:38:44 GMT" skipped="0">
  <testcase classname="com.tester.cases.EmailTest" name="testSendAttach" time="6.995"/>
</testsuite> <!-- com.tester.cases.EmailTest -->
