<?xml version="1.0" encoding="UTF-8"?>
<!-- Generated by org.testng.reporters.JUnitReportReporter -->
<testsuite name="com.tester.cases.DouyinLiteTest" tests="24" time="1030.366" ignored="0" failures="0" timestamp="24 二月 2020 02:19:15 GMT" skipped="0" hostname="yaokaideMacBook-Pro.local" errors="0">
  <testcase name="get_music_videos" time="5.975" classname="com.tester.cases.DouyinLiteTest"/>
  <testcase name="get_music_detail" time="78.642" classname="com.tester.cases.DouyinLiteTest"/>
  <testcase name="get_hot_music_list" time="64.248" classname="com.tester.cases.DouyinLiteTest"/>
  <testcase name="get_user_following_list" time="28.257" classname="com.tester.cases.DouyinLiteTest"/>
  <testcase name="get_user_forward_list" time="69.923" classname="com.tester.cases.DouyinLiteTest"/>
  <testcase name="get_webcast_ranklist" time="28.972" classname="com.tester.cases.DouyinLiteTest"/>
  <testcase name="get_hot_category_list" time="22.133" classname="com.tester.cases.DouyinLiteTest"/>
  <testcase name="get_video_search" time="44.246" classname="com.tester.cases.DouyinLiteTest"/>
  <testcase name="get_promotion_list" time="7.891" classname="com.tester.cases.DouyinLiteTest"/>
  <testcase name="get_user_follower_list" time="10.487" classname="com.tester.cases.DouyinLiteTest"/>
  <testcase name="get_user_search" time="49.419" classname="com.tester.cases.DouyinLiteTest"/>
  <testcase name="get_nearby_feed" time="47.386" classname="com.tester.cases.DouyinLiteTest"/>
  <testcase name="get_user_post" time="62.550" classname="com.tester.cases.DouyinLiteTest"/>
  <testcase name="get_webcast_user_info" time="26.228" classname="com.tester.cases.DouyinLiteTest"/>
  <testcase name="get_general_search_ret" time="32.720" classname="com.tester.cases.DouyinLiteTest"/>
  <testcase name="get_hot_positive_energy_list" time="51.958" classname="com.tester.cases.DouyinLiteTest"/>
  <testcase name="get_share_video_detail" time="79.122" classname="com.tester.cases.DouyinLiteTest"/>
  <testcase name="get_video_detail" time="36.358" classname="com.tester.cases.DouyinLiteTest"/>
  <testcase name="get_webcast_room_info" time="0.733" classname="com.tester.cases.DouyinLiteTest"/>
  <testcase name="get_user_info" time="60.628" classname="com.tester.cases.DouyinLiteTest"/>
  <testcase name="get_hot_video_list" time="41.142" classname="com.tester.cases.DouyinLiteTest"/>
  <testcase name="get_video_comment_list" time="67.668" classname="com.tester.cases.DouyinLiteTest"/>
  <testcase name="get_feed" time="88.478" classname="com.tester.cases.DouyinLiteTest"/>
  <testcase name="get_hot_search_list" time="25.202" classname="com.tester.cases.DouyinLiteTest"/>
</testsuite> <!-- com.tester.cases.DouyinLiteTest -->
