<?xml version="1.0" encoding="UTF-8"?>
<!-- Generated by org.testng.reporters.JUnitReportReporter -->
<testsuite name="com.tester.cases.DouyinTest" tests="24" time="1952.232" ignored="0" failures="0" timestamp="24 二月 2020 02:19:15 GMT" skipped="0" hostname="yaokaideMacBook-Pro.local" errors="0">
  <testcase name="get_user_forward_list" time="110.283" classname="com.tester.cases.DouyinTest"/>
  <testcase name="get_nearby_feed" time="95.081" classname="com.tester.cases.DouyinTest"/>
  <testcase name="get_video_detail" time="86.836" classname="com.tester.cases.DouyinTest"/>
  <testcase name="get_music_detail" time="112.223" classname="com.tester.cases.DouyinTest"/>
  <testcase name="get_share_video_detail" time="112.524" classname="com.tester.cases.DouyinTest"/>
  <testcase name="get_hot_music_list" time="105.231" classname="com.tester.cases.DouyinTest"/>
  <testcase name="get_hot_positive_energy_list" time="99.437" classname="com.tester.cases.DouyinTest"/>
  <testcase name="get_hot_video_list" time="89.084" classname="com.tester.cases.DouyinTest"/>
  <testcase name="get_feed" time="115.089" classname="com.tester.cases.DouyinTest"/>
  <testcase name="get_music_videos" time="11.068" classname="com.tester.cases.DouyinTest"/>
  <testcase name="get_user_following_list" time="80.892" classname="com.tester.cases.DouyinTest"/>
  <testcase name="get_user_post" time="103.133" classname="com.tester.cases.DouyinTest"/>
  <testcase name="get_webcast_user_info" time="77.469" classname="com.tester.cases.DouyinTest"/>
  <testcase name="get_promotion_list" time="13.143" classname="com.tester.cases.DouyinTest"/>
  <testcase name="get_video_search" time="91.905" classname="com.tester.cases.DouyinTest"/>
  <testcase name="get_user_info" time="101.388" classname="com.tester.cases.DouyinTest"/>
  <testcase name="get_webcast_room_info" time="3.924" classname="com.tester.cases.DouyinTest"/>
  <testcase name="get_general_search_ret" time="84.464" classname="com.tester.cases.DouyinTest"/>
  <testcase name="get_user_search" time="97.342" classname="com.tester.cases.DouyinTest"/>
  <testcase name="get_hot_category_list" time="74.131" classname="com.tester.cases.DouyinTest"/>
  <testcase name="get_user_follower_list" time="21.956" classname="com.tester.cases.DouyinTest"/>
  <testcase name="get_webcast_ranklist" time="81.568" classname="com.tester.cases.DouyinTest"/>
  <testcase name="get_video_comment_list" time="107.937" classname="com.tester.cases.DouyinTest"/>
  <testcase name="get_hot_search_list" time="76.124" classname="com.tester.cases.DouyinTest"/>
</testsuite> <!-- com.tester.cases.DouyinTest -->
