<?xml version="1.0" encoding="UTF-8"?>
<!-- Generated by org.testng.reporters.JUnitReportReporter -->
<testsuite name="com.tester.cases.KuaiShouTest" tests="9" time="33.666" ignored="0" failures="0" timestamp="24 二月 2020 02:19:15 GMT" skipped="0" hostname="yaokaideMacBook-Pro.local" errors="0">
  <testcase name="video_comment" time="0.917" classname="com.tester.cases.KuaiShouTest"/>
  <testcase name="call_nums" time="1.004" classname="com.tester.cases.KuaiShouTest"/>
  <testcase name="video_detail" time="2.426" classname="com.tester.cases.KuaiShouTest"/>
  <testcase name="hot_feed" time="4.000" classname="com.tester.cases.KuaiShouTest"/>
  <testcase name="user_info" time="4.747" classname="com.tester.cases.KuaiShouTest"/>
  <testcase name="share_video" time="5.401" classname="com.tester.cases.KuaiShouTest"/>
  <testcase name="user_video" time="7.490" classname="com.tester.cases.KuaiShouTest"/>
  <testcase name="nearby_feed" time="1.668" classname="com.tester.cases.KuaiShouTest"/>
  <testcase name="product_list" time="6.013" classname="com.tester.cases.KuaiShouTest"/>
</testsuite> <!-- com.tester.cases.KuaiShouTest -->
