<?xml version="1.0" encoding="UTF-8"?>
<!-- Generated by org.testng.reporters.JUnitReportReporter -->
<testsuite name="com.tester.cases.JingDongTest" tests="8" time="29.266" ignored="0" failures="0" timestamp="24 二月 2020 02:19:15 GMT" skipped="0" hostname="yaokaideMacBook-Pro.local" errors="0">
  <testcase name="crawlSkuComment" time="5.964" classname="com.tester.cases.JingDongTest"/>
  <testcase name="crawlSkuPrices" time="2.026" classname="com.tester.cases.JingDongTest"/>
  <testcase name="crawlCommentsCounts" time="3.565" classname="com.tester.cases.JingDongTest"/>
  <testcase name="crawlPageShopProducts" time="6.526" classname="com.tester.cases.JingDongTest"/>
  <testcase name="crawlShopVenderId" time="0.488" classname="com.tester.cases.JingDongTest"/>
  <testcase name="crawlPageByBrandName" time="4.474" classname="com.tester.cases.JingDongTest"/>
  <testcase name="crawlShopDetails" time="1.152" classname="com.tester.cases.JingDongTest"/>
  <testcase name="crawlSkuCommentAndCount" time="5.071" classname="com.tester.cases.JingDongTest"/>
</testsuite> <!-- com.tester.cases.JingDongTest -->
